CRITICAL - 2025-04-16 04:39:31 --> CodeIgniter\View\Exceptions\ViewException: Invalid file: "quienesSomos.php"
[Method: GET, Route: quienes]
in SYSTEMPATH\Exceptions\FrameworkException.php on line 39.
 1 SYSTEMPATH\View\View.php(212): CodeIgniter\Exceptions\FrameworkException::forInvalidFile('quienesSomos.php')
 2 SYSTEMPATH\Common.php(1173): CodeIgniter\View\View->render('quienesSomos.php', [], true)
 3 APPPATH\Controllers\quienes.php(11): view('quienesSomos.php')
 4 SYSTEMPATH\CodeIgniter.php(933): App\Controllers\quienes->index()
 5 SYSTEMPATH\CodeIgniter.php(507): CodeIgniter\CodeIgniter->runController(Object(App\Controllers\quienes))
 6 SYSTEMPATH\CodeIgniter.php(354): CodeIgniter\CodeIgniter->handleRequest(null, Object(Config\Cache), false)
 7 SYSTEMPATH\Boot.php(334): CodeIgniter\CodeIgniter->run()
 8 SYSTEMPATH\Boot.php(67): CodeIgniter\Boot::runCodeIgniter(Object(CodeIgniter\CodeIgniter))
 9 FCPATH\index.php(56): CodeIgniter\Boot::bootWeb(Object(Config\Paths))
CRITICAL - 2025-04-16 04:39:42 --> CodeIgniter\View\Exceptions\ViewException: Invalid file: "quienesSomos.php"
[Method: GET, Route: quienes]
in SYSTEMPATH\Exceptions\FrameworkException.php on line 39.
 1 SYSTEMPATH\View\View.php(212): CodeIgniter\Exceptions\FrameworkException::forInvalidFile('quienesSomos.php')
 2 SYSTEMPATH\Common.php(1173): CodeIgniter\View\View->render('quienesSomos.php', [], true)
 3 APPPATH\Controllers\quienes.php(11): view('quienesSomos.php')
 4 SYSTEMPATH\CodeIgniter.php(933): App\Controllers\quienes->index()
 5 SYSTEMPATH\CodeIgniter.php(507): CodeIgniter\CodeIgniter->runController(Object(App\Controllers\quienes))
 6 SYSTEMPATH\CodeIgniter.php(354): CodeIgniter\CodeIgniter->handleRequest(null, Object(Config\Cache), false)
 7 SYSTEMPATH\Boot.php(334): CodeIgniter\CodeIgniter->run()
 8 SYSTEMPATH\Boot.php(67): CodeIgniter\Boot::runCodeIgniter(Object(CodeIgniter\CodeIgniter))
 9 FCPATH\index.php(56): CodeIgniter\Boot::bootWeb(Object(Config\Paths))
CRITICAL - 2025-04-16 04:41:02 --> CodeIgniter\View\Exceptions\ViewException: Invalid file: "quienesSomos.php"
[Method: GET, Route: quienes]
in SYSTEMPATH\Exceptions\FrameworkException.php on line 39.
 1 SYSTEMPATH\View\View.php(212): CodeIgniter\Exceptions\FrameworkException::forInvalidFile('quienesSomos.php')
 2 SYSTEMPATH\Common.php(1173): CodeIgniter\View\View->render('quienesSomos.php', [], true)
 3 APPPATH\Controllers\quienes.php(11): view('quienesSomos.php')
 4 SYSTEMPATH\CodeIgniter.php(933): App\Controllers\quienes->index()
 5 SYSTEMPATH\CodeIgniter.php(507): CodeIgniter\CodeIgniter->runController(Object(App\Controllers\quienes))
 6 SYSTEMPATH\CodeIgniter.php(354): CodeIgniter\CodeIgniter->handleRequest(null, Object(Config\Cache), false)
 7 SYSTEMPATH\Boot.php(334): CodeIgniter\CodeIgniter->run()
 8 SYSTEMPATH\Boot.php(67): CodeIgniter\Boot::runCodeIgniter(Object(CodeIgniter\CodeIgniter))
 9 FCPATH\index.php(56): CodeIgniter\Boot::bootWeb(Object(Config\Paths))
CRITICAL - 2025-04-16 04:44:23 --> CodeIgniter\View\Exceptions\ViewException: Invalid file: "quienesSomos.php"
[Method: GET, Route: quienes]
in SYSTEMPATH\Exceptions\FrameworkException.php on line 39.
 1 SYSTEMPATH\View\View.php(212): CodeIgniter\Exceptions\FrameworkException::forInvalidFile('quienesSomos.php')
 2 SYSTEMPATH\Common.php(1173): CodeIgniter\View\View->render('quienesSomos.php', [], true)
 3 APPPATH\Controllers\quienes.php(9): view('quienesSomos.php')
 4 SYSTEMPATH\CodeIgniter.php(933): App\Controllers\quienes->index()
 5 SYSTEMPATH\CodeIgniter.php(507): CodeIgniter\CodeIgniter->runController(Object(App\Controllers\quienes))
 6 SYSTEMPATH\CodeIgniter.php(354): CodeIgniter\CodeIgniter->handleRequest(null, Object(Config\Cache), false)
 7 SYSTEMPATH\Boot.php(334): CodeIgniter\CodeIgniter->run()
 8 SYSTEMPATH\Boot.php(67): CodeIgniter\Boot::runCodeIgniter(Object(CodeIgniter\CodeIgniter))
 9 FCPATH\index.php(56): CodeIgniter\Boot::bootWeb(Object(Config\Paths))
CRITICAL - 2025-04-16 04:47:17 --> CodeIgniter\View\Exceptions\ViewException: Invalid file: "registro.php"
[Method: GET, Route: registro]
in SYSTEMPATH\Exceptions\FrameworkException.php on line 39.
 1 SYSTEMPATH\View\View.php(212): CodeIgniter\Exceptions\FrameworkException::forInvalidFile('registro.php')
 2 SYSTEMPATH\Common.php(1173): CodeIgniter\View\View->render('registro', [], true)
 3 APPPATH\Controllers\Registro.php(10): view('registro')
 4 SYSTEMPATH\CodeIgniter.php(933): App\Controllers\Registro->index()
 5 SYSTEMPATH\CodeIgniter.php(507): CodeIgniter\CodeIgniter->runController(Object(App\Controllers\Registro))
 6 SYSTEMPATH\CodeIgniter.php(354): CodeIgniter\CodeIgniter->handleRequest(null, Object(Config\Cache), false)
 7 SYSTEMPATH\Boot.php(334): CodeIgniter\CodeIgniter->run()
 8 SYSTEMPATH\Boot.php(67): CodeIgniter\Boot::runCodeIgniter(Object(CodeIgniter\CodeIgniter))
 9 FCPATH\index.php(56): CodeIgniter\Boot::bootWeb(Object(Config\Paths))
CRITICAL - 2025-04-16 05:22:59 --> ErrorException: include(principal.css): Failed to open stream: No such file or directory
[Method: GET, Route: quienesSomos]
in APPPATH\Views\pages\quienesSomos.php on line 14.
 1 APPPATH\Views\pages\quienesSomos.php(14): CodeIgniter\Debug\Exceptions->errorHandler(2, 'include(principal.css): Failed to open stream: No such file or directory', 'C:\\xampp\\htdocs\\PROYECTO-FRANCO-VARELA\\app\\Views\\pages\\quienesSomos.php', 14)
 2 APPPATH\Views\pages\quienesSomos.php(14): include()
 3 SYSTEMPATH\View\View.php(224): include('C:\\xampp\\htdocs\\PROYECTO-FRANCO-VARELA\\app\\Views\\pages\\quienesSomos.php')
 4 SYSTEMPATH\View\View.php(227): CodeIgniter\View\View->CodeIgniter\View\{closure}()
 5 SYSTEMPATH\Common.php(1173): CodeIgniter\View\View->render('./pages/quienesSomos', [], true)
 6 APPPATH\Controllers\QuienesSomos.php(10): view('./pages/quienesSomos')
 7 SYSTEMPATH\CodeIgniter.php(933): App\Controllers\QuienesSomos->index()
 8 SYSTEMPATH\CodeIgniter.php(507): CodeIgniter\CodeIgniter->runController(Object(App\Controllers\QuienesSomos))
 9 SYSTEMPATH\CodeIgniter.php(354): CodeIgniter\CodeIgniter->handleRequest(null, Object(Config\Cache), false)
10 SYSTEMPATH\Boot.php(334): CodeIgniter\CodeIgniter->run()
11 SYSTEMPATH\Boot.php(67): CodeIgniter\Boot::runCodeIgniter(Object(CodeIgniter\CodeIgniter))
12 FCPATH\index.php(56): CodeIgniter\Boot::bootWeb(Object(Config\Paths))
CRITICAL - 2025-04-16 05:24:00 --> ErrorException: include(./layouts/navBar.css): Failed to open stream: No such file or directory
[Method: GET, Route: quienesSomos]
in APPPATH\Views\pages\quienesSomos.php on line 14.
 1 APPPATH\Views\pages\quienesSomos.php(14): CodeIgniter\Debug\Exceptions->errorHandler(2, 'include(./layouts/navBar.css): Failed to open stream: No such file or directory', 'C:\\xampp\\htdocs\\PROYECTO-FRANCO-VARELA\\app\\Views\\pages\\quienesSomos.php', 14)
 2 APPPATH\Views\pages\quienesSomos.php(14): include()
 3 SYSTEMPATH\View\View.php(224): include('C:\\xampp\\htdocs\\PROYECTO-FRANCO-VARELA\\app\\Views\\pages\\quienesSomos.php')
 4 SYSTEMPATH\View\View.php(227): CodeIgniter\View\View->CodeIgniter\View\{closure}()
 5 SYSTEMPATH\Common.php(1173): CodeIgniter\View\View->render('./pages/quienesSomos', [], true)
 6 APPPATH\Controllers\QuienesSomos.php(10): view('./pages/quienesSomos')
 7 SYSTEMPATH\CodeIgniter.php(933): App\Controllers\QuienesSomos->index()
 8 SYSTEMPATH\CodeIgniter.php(507): CodeIgniter\CodeIgniter->runController(Object(App\Controllers\QuienesSomos))
 9 SYSTEMPATH\CodeIgniter.php(354): CodeIgniter\CodeIgniter->handleRequest(null, Object(Config\Cache), false)
10 SYSTEMPATH\Boot.php(334): CodeIgniter\CodeIgniter->run()
11 SYSTEMPATH\Boot.php(67): CodeIgniter\Boot::runCodeIgniter(Object(CodeIgniter\CodeIgniter))
12 FCPATH\index.php(56): CodeIgniter\Boot::bootWeb(Object(Config\Paths))
CRITICAL - 2025-04-16 05:24:00 --> ErrorException: include(./layouts/navBar.css): Failed to open stream: No such file or directory
[Method: GET, Route: quienesSomos]
in APPPATH\Views\pages\quienesSomos.php on line 14.
 1 APPPATH\Views\pages\quienesSomos.php(14): CodeIgniter\Debug\Exceptions->errorHandler(2, 'include(./layouts/navBar.css): Failed to open stream: No such file or directory', 'C:\\xampp\\htdocs\\PROYECTO-FRANCO-VARELA\\app\\Views\\pages\\quienesSomos.php', 14)
 2 APPPATH\Views\pages\quienesSomos.php(14): include()
 3 SYSTEMPATH\View\View.php(224): include('C:\\xampp\\htdocs\\PROYECTO-FRANCO-VARELA\\app\\Views\\pages\\quienesSomos.php')
 4 SYSTEMPATH\View\View.php(227): CodeIgniter\View\View->CodeIgniter\View\{closure}()
 5 SYSTEMPATH\Common.php(1173): CodeIgniter\View\View->render('./pages/quienesSomos', [], true)
 6 APPPATH\Controllers\QuienesSomos.php(10): view('./pages/quienesSomos')
 7 SYSTEMPATH\CodeIgniter.php(933): App\Controllers\QuienesSomos->index()
 8 SYSTEMPATH\CodeIgniter.php(507): CodeIgniter\CodeIgniter->runController(Object(App\Controllers\QuienesSomos))
 9 SYSTEMPATH\CodeIgniter.php(354): CodeIgniter\CodeIgniter->handleRequest(null, Object(Config\Cache), false)
10 SYSTEMPATH\Boot.php(334): CodeIgniter\CodeIgniter->run()
11 SYSTEMPATH\Boot.php(67): CodeIgniter\Boot::runCodeIgniter(Object(CodeIgniter\CodeIgniter))
12 FCPATH\index.php(56): CodeIgniter\Boot::bootWeb(Object(Config\Paths))
CRITICAL - 2025-04-16 05:24:31 --> ErrorException: include(./layouts/navBar/navBar.css): Failed to open stream: No such file or directory
[Method: GET, Route: quienesSomos]
in APPPATH\Views\pages\quienesSomos.php on line 14.
 1 APPPATH\Views\pages\quienesSomos.php(14): CodeIgniter\Debug\Exceptions->errorHandler(2, 'include(./layouts/navBar/navBar.css): Failed to open stream: No such file or directory', 'C:\\xampp\\htdocs\\PROYECTO-FRANCO-VARELA\\app\\Views\\pages\\quienesSomos.php', 14)
 2 APPPATH\Views\pages\quienesSomos.php(14): include()
 3 SYSTEMPATH\View\View.php(224): include('C:\\xampp\\htdocs\\PROYECTO-FRANCO-VARELA\\app\\Views\\pages\\quienesSomos.php')
 4 SYSTEMPATH\View\View.php(227): CodeIgniter\View\View->CodeIgniter\View\{closure}()
 5 SYSTEMPATH\Common.php(1173): CodeIgniter\View\View->render('./pages/quienesSomos', [], true)
 6 APPPATH\Controllers\QuienesSomos.php(10): view('./pages/quienesSomos')
 7 SYSTEMPATH\CodeIgniter.php(933): App\Controllers\QuienesSomos->index()
 8 SYSTEMPATH\CodeIgniter.php(507): CodeIgniter\CodeIgniter->runController(Object(App\Controllers\QuienesSomos))
 9 SYSTEMPATH\CodeIgniter.php(354): CodeIgniter\CodeIgniter->handleRequest(null, Object(Config\Cache), false)
10 SYSTEMPATH\Boot.php(334): CodeIgniter\CodeIgniter->run()
11 SYSTEMPATH\Boot.php(67): CodeIgniter\Boot::runCodeIgniter(Object(CodeIgniter\CodeIgniter))
12 FCPATH\index.php(56): CodeIgniter\Boot::bootWeb(Object(Config\Paths))
CRITICAL - 2025-04-16 05:24:43 --> ErrorException: include(./navBar/navBar.css): Failed to open stream: No such file or directory
[Method: GET, Route: quienesSomos]
in APPPATH\Views\pages\quienesSomos.php on line 14.
 1 APPPATH\Views\pages\quienesSomos.php(14): CodeIgniter\Debug\Exceptions->errorHandler(2, 'include(./navBar/navBar.css): Failed to open stream: No such file or directory', 'C:\\xampp\\htdocs\\PROYECTO-FRANCO-VARELA\\app\\Views\\pages\\quienesSomos.php', 14)
 2 APPPATH\Views\pages\quienesSomos.php(14): include()
 3 SYSTEMPATH\View\View.php(224): include('C:\\xampp\\htdocs\\PROYECTO-FRANCO-VARELA\\app\\Views\\pages\\quienesSomos.php')
 4 SYSTEMPATH\View\View.php(227): CodeIgniter\View\View->CodeIgniter\View\{closure}()
 5 SYSTEMPATH\Common.php(1173): CodeIgniter\View\View->render('./pages/quienesSomos', [], true)
 6 APPPATH\Controllers\QuienesSomos.php(10): view('./pages/quienesSomos')
 7 SYSTEMPATH\CodeIgniter.php(933): App\Controllers\QuienesSomos->index()
 8 SYSTEMPATH\CodeIgniter.php(507): CodeIgniter\CodeIgniter->runController(Object(App\Controllers\QuienesSomos))
 9 SYSTEMPATH\CodeIgniter.php(354): CodeIgniter\CodeIgniter->handleRequest(null, Object(Config\Cache), false)
10 SYSTEMPATH\Boot.php(334): CodeIgniter\CodeIgniter->run()
11 SYSTEMPATH\Boot.php(67): CodeIgniter\Boot::runCodeIgniter(Object(CodeIgniter\CodeIgniter))
12 FCPATH\index.php(56): CodeIgniter\Boot::bootWeb(Object(Config\Paths))
CRITICAL - 2025-04-16 05:26:11 --> ErrorException: include(navBar.css): Failed to open stream: No such file or directory
[Method: GET, Route: quienesSomos]
in APPPATH\Views\pages\quienesSomos.php on line 14.
 1 APPPATH\Views\pages\quienesSomos.php(14): CodeIgniter\Debug\Exceptions->errorHandler(2, 'include(navBar.css): Failed to open stream: No such file or directory', 'C:\\xampp\\htdocs\\PROYECTO-FRANCO-VARELA\\app\\Views\\pages\\quienesSomos.php', 14)
 2 APPPATH\Views\pages\quienesSomos.php(14): include()
 3 SYSTEMPATH\View\View.php(224): include('C:\\xampp\\htdocs\\PROYECTO-FRANCO-VARELA\\app\\Views\\pages\\quienesSomos.php')
 4 SYSTEMPATH\View\View.php(227): CodeIgniter\View\View->CodeIgniter\View\{closure}()
 5 SYSTEMPATH\Common.php(1173): CodeIgniter\View\View->render('./pages/quienesSomos', [], true)
 6 APPPATH\Controllers\QuienesSomos.php(10): view('./pages/quienesSomos')
 7 SYSTEMPATH\CodeIgniter.php(933): App\Controllers\QuienesSomos->index()
 8 SYSTEMPATH\CodeIgniter.php(507): CodeIgniter\CodeIgniter->runController(Object(App\Controllers\QuienesSomos))
 9 SYSTEMPATH\CodeIgniter.php(354): CodeIgniter\CodeIgniter->handleRequest(null, Object(Config\Cache), false)
10 SYSTEMPATH\Boot.php(334): CodeIgniter\CodeIgniter->run()
11 SYSTEMPATH\Boot.php(67): CodeIgniter\Boot::runCodeIgniter(Object(CodeIgniter\CodeIgniter))
12 FCPATH\index.php(56): CodeIgniter\Boot::bootWeb(Object(Config\Paths))
CRITICAL - 2025-04-16 05:27:11 --> ErrorException: include(./Views/layouts/navBar/navBar.php): Failed to open stream: No such file or directory
[Method: GET, Route: quienesSomos]
in APPPATH\Views\pages\quienesSomos.php on line 14.
 1 APPPATH\Views\pages\quienesSomos.php(14): CodeIgniter\Debug\Exceptions->errorHandler(2, 'include(./Views/layouts/navBar/navBar.php): Failed to open stream: No such file or directory', 'C:\\xampp\\htdocs\\PROYECTO-FRANCO-VARELA\\app\\Views\\pages\\quienesSomos.php', 14)
 2 APPPATH\Views\pages\quienesSomos.php(14): include()
 3 SYSTEMPATH\View\View.php(224): include('C:\\xampp\\htdocs\\PROYECTO-FRANCO-VARELA\\app\\Views\\pages\\quienesSomos.php')
 4 SYSTEMPATH\View\View.php(227): CodeIgniter\View\View->CodeIgniter\View\{closure}()
 5 SYSTEMPATH\Common.php(1173): CodeIgniter\View\View->render('./pages/quienesSomos', [], true)
 6 APPPATH\Controllers\QuienesSomos.php(10): view('./pages/quienesSomos')
 7 SYSTEMPATH\CodeIgniter.php(933): App\Controllers\QuienesSomos->index()
 8 SYSTEMPATH\CodeIgniter.php(507): CodeIgniter\CodeIgniter->runController(Object(App\Controllers\QuienesSomos))
 9 SYSTEMPATH\CodeIgniter.php(354): CodeIgniter\CodeIgniter->handleRequest(null, Object(Config\Cache), false)
10 SYSTEMPATH\Boot.php(334): CodeIgniter\CodeIgniter->run()
11 SYSTEMPATH\Boot.php(67): CodeIgniter\Boot::runCodeIgniter(Object(CodeIgniter\CodeIgniter))
12 FCPATH\index.php(56): CodeIgniter\Boot::bootWeb(Object(Config\Paths))
CRITICAL - 2025-04-16 05:27:23 --> ErrorException: include(./Views/layouts/navBar/navBar.css): Failed to open stream: No such file or directory
[Method: GET, Route: quienesSomos]
in APPPATH\Views\pages\quienesSomos.php on line 14.
 1 APPPATH\Views\pages\quienesSomos.php(14): CodeIgniter\Debug\Exceptions->errorHandler(2, 'include(./Views/layouts/navBar/navBar.css): Failed to open stream: No such file or directory', 'C:\\xampp\\htdocs\\PROYECTO-FRANCO-VARELA\\app\\Views\\pages\\quienesSomos.php', 14)
 2 APPPATH\Views\pages\quienesSomos.php(14): include()
 3 SYSTEMPATH\View\View.php(224): include('C:\\xampp\\htdocs\\PROYECTO-FRANCO-VARELA\\app\\Views\\pages\\quienesSomos.php')
 4 SYSTEMPATH\View\View.php(227): CodeIgniter\View\View->CodeIgniter\View\{closure}()
 5 SYSTEMPATH\Common.php(1173): CodeIgniter\View\View->render('./pages/quienesSomos', [], true)
 6 APPPATH\Controllers\QuienesSomos.php(10): view('./pages/quienesSomos')
 7 SYSTEMPATH\CodeIgniter.php(933): App\Controllers\QuienesSomos->index()
 8 SYSTEMPATH\CodeIgniter.php(507): CodeIgniter\CodeIgniter->runController(Object(App\Controllers\QuienesSomos))
 9 SYSTEMPATH\CodeIgniter.php(354): CodeIgniter\CodeIgniter->handleRequest(null, Object(Config\Cache), false)
10 SYSTEMPATH\Boot.php(334): CodeIgniter\CodeIgniter->run()
11 SYSTEMPATH\Boot.php(67): CodeIgniter\Boot::runCodeIgniter(Object(CodeIgniter\CodeIgniter))
12 FCPATH\index.php(56): CodeIgniter\Boot::bootWeb(Object(Config\Paths))
CRITICAL - 2025-04-16 05:27:24 --> ErrorException: include(./Views/layouts/navBar/navBar.css): Failed to open stream: No such file or directory
[Method: GET, Route: quienesSomos]
in APPPATH\Views\pages\quienesSomos.php on line 14.
 1 APPPATH\Views\pages\quienesSomos.php(14): CodeIgniter\Debug\Exceptions->errorHandler(2, 'include(./Views/layouts/navBar/navBar.css): Failed to open stream: No such file or directory', 'C:\\xampp\\htdocs\\PROYECTO-FRANCO-VARELA\\app\\Views\\pages\\quienesSomos.php', 14)
 2 APPPATH\Views\pages\quienesSomos.php(14): include()
 3 SYSTEMPATH\View\View.php(224): include('C:\\xampp\\htdocs\\PROYECTO-FRANCO-VARELA\\app\\Views\\pages\\quienesSomos.php')
 4 SYSTEMPATH\View\View.php(227): CodeIgniter\View\View->CodeIgniter\View\{closure}()
 5 SYSTEMPATH\Common.php(1173): CodeIgniter\View\View->render('./pages/quienesSomos', [], true)
 6 APPPATH\Controllers\QuienesSomos.php(10): view('./pages/quienesSomos')
 7 SYSTEMPATH\CodeIgniter.php(933): App\Controllers\QuienesSomos->index()
 8 SYSTEMPATH\CodeIgniter.php(507): CodeIgniter\CodeIgniter->runController(Object(App\Controllers\QuienesSomos))
 9 SYSTEMPATH\CodeIgniter.php(354): CodeIgniter\CodeIgniter->handleRequest(null, Object(Config\Cache), false)
10 SYSTEMPATH\Boot.php(334): CodeIgniter\CodeIgniter->run()
11 SYSTEMPATH\Boot.php(67): CodeIgniter\Boot::runCodeIgniter(Object(CodeIgniter\CodeIgniter))
12 FCPATH\index.php(56): CodeIgniter\Boot::bootWeb(Object(Config\Paths))
CRITICAL - 2025-04-16 05:27:35 --> ErrorException: include(../Views/layouts/navBar/navBar.css): Failed to open stream: No such file or directory
[Method: GET, Route: quienesSomos]
in APPPATH\Views\pages\quienesSomos.php on line 14.
 1 APPPATH\Views\pages\quienesSomos.php(14): CodeIgniter\Debug\Exceptions->errorHandler(2, 'include(../Views/layouts/navBar/navBar.css): Failed to open stream: No such file or directory', 'C:\\xampp\\htdocs\\PROYECTO-FRANCO-VARELA\\app\\Views\\pages\\quienesSomos.php', 14)
 2 APPPATH\Views\pages\quienesSomos.php(14): include()
 3 SYSTEMPATH\View\View.php(224): include('C:\\xampp\\htdocs\\PROYECTO-FRANCO-VARELA\\app\\Views\\pages\\quienesSomos.php')
 4 SYSTEMPATH\View\View.php(227): CodeIgniter\View\View->CodeIgniter\View\{closure}()
 5 SYSTEMPATH\Common.php(1173): CodeIgniter\View\View->render('./pages/quienesSomos', [], true)
 6 APPPATH\Controllers\QuienesSomos.php(10): view('./pages/quienesSomos')
 7 SYSTEMPATH\CodeIgniter.php(933): App\Controllers\QuienesSomos->index()
 8 SYSTEMPATH\CodeIgniter.php(507): CodeIgniter\CodeIgniter->runController(Object(App\Controllers\QuienesSomos))
 9 SYSTEMPATH\CodeIgniter.php(354): CodeIgniter\CodeIgniter->handleRequest(null, Object(Config\Cache), false)
10 SYSTEMPATH\Boot.php(334): CodeIgniter\CodeIgniter->run()
11 SYSTEMPATH\Boot.php(67): CodeIgniter\Boot::runCodeIgniter(Object(CodeIgniter\CodeIgniter))
12 FCPATH\index.php(56): CodeIgniter\Boot::bootWeb(Object(Config\Paths))
