CRITICAL - 2025-04-13 22:02:39 --> CodeIgniter\View\Exceptions\ViewException: Invalid file: "layouts/header/header.php"
[Method: GET, Route: /]
in SYSTEMPATH\Exceptions\FrameworkException.php on line 39.
 1 SYSTEMPATH\View\View.php(212): CodeIgniter\Exceptions\FrameworkException::forInvalidFile('layouts/header/header.php')
 2 SYSTEMPATH\Common.php(1173): CodeIgniter\View\View->render('layouts/header/header', [], true)
 3 APPPATH\Views\principal.html(8): view('layouts/header/header')
 4 SYSTEMPATH\View\View.php(224): include('C:\\xampp\\htdocs\\PROYECTO-FRANCO-VARELA\\app\\Views\\principal.html')
 5 SYSTEMPATH\View\View.php(227): CodeIgniter\View\View->CodeIgniter\View\{closure}()
 6 SYSTEMPATH\Common.php(1173): CodeIgniter\View\View->render('principal.html', [], true)
 7 APPPATH\Controllers\Home.php(9): view('principal.html')
 8 SYSTEMPATH\CodeIgniter.php(933): App\Controllers\Home->index()
 9 SYSTEMPATH\CodeIgniter.php(507): CodeIgniter\CodeIgniter->runController(Object(App\Controllers\Home))
10 SYSTEMPATH\CodeIgniter.php(354): CodeIgniter\CodeIgniter->handleRequest(null, Object(Config\Cache), false)
11 SYSTEMPATH\Boot.php(334): CodeIgniter\CodeIgniter->run()
12 SYSTEMPATH\Boot.php(67): CodeIgniter\Boot::runCodeIgniter(Object(CodeIgniter\CodeIgniter))
13 FCPATH\index.php(56): CodeIgniter\Boot::bootWeb(Object(Config\Paths))
CRITICAL - 2025-04-13 22:02:53 --> CodeIgniter\View\Exceptions\ViewException: Invalid file: "layouts/header/header.php"
[Method: GET, Route: /]
in SYSTEMPATH\Exceptions\FrameworkException.php on line 39.
 1 SYSTEMPATH\View\View.php(212): CodeIgniter\Exceptions\FrameworkException::forInvalidFile('layouts/header/header.php')
 2 SYSTEMPATH\Common.php(1173): CodeIgniter\View\View->render('layouts/header/header', [], true)
 3 APPPATH\Views\principal.html(8): view('layouts/header/header')
 4 SYSTEMPATH\View\View.php(224): include('C:\\xampp\\htdocs\\PROYECTO-FRANCO-VARELA\\app\\Views\\principal.html')
 5 SYSTEMPATH\View\View.php(227): CodeIgniter\View\View->CodeIgniter\View\{closure}()
 6 SYSTEMPATH\Common.php(1173): CodeIgniter\View\View->render('principal.html', [], true)
 7 APPPATH\Controllers\Home.php(9): view('principal.html')
 8 SYSTEMPATH\CodeIgniter.php(933): App\Controllers\Home->index()
 9 SYSTEMPATH\CodeIgniter.php(507): CodeIgniter\CodeIgniter->runController(Object(App\Controllers\Home))
10 SYSTEMPATH\CodeIgniter.php(354): CodeIgniter\CodeIgniter->handleRequest(null, Object(Config\Cache), false)
11 SYSTEMPATH\Boot.php(334): CodeIgniter\CodeIgniter->run()
12 SYSTEMPATH\Boot.php(67): CodeIgniter\Boot::runCodeIgniter(Object(CodeIgniter\CodeIgniter))
13 FCPATH\index.php(56): CodeIgniter\Boot::bootWeb(Object(Config\Paths))
CRITICAL - 2025-04-13 22:02:54 --> CodeIgniter\View\Exceptions\ViewException: Invalid file: "layouts/header/header.php"
[Method: GET, Route: /]
in SYSTEMPATH\Exceptions\FrameworkException.php on line 39.
 1 SYSTEMPATH\View\View.php(212): CodeIgniter\Exceptions\FrameworkException::forInvalidFile('layouts/header/header.php')
 2 SYSTEMPATH\Common.php(1173): CodeIgniter\View\View->render('layouts/header/header', [], true)
 3 APPPATH\Views\principal.html(8): view('layouts/header/header')
 4 SYSTEMPATH\View\View.php(224): include('C:\\xampp\\htdocs\\PROYECTO-FRANCO-VARELA\\app\\Views\\principal.html')
 5 SYSTEMPATH\View\View.php(227): CodeIgniter\View\View->CodeIgniter\View\{closure}()
 6 SYSTEMPATH\Common.php(1173): CodeIgniter\View\View->render('principal.html', [], true)
 7 APPPATH\Controllers\Home.php(9): view('principal.html')
 8 SYSTEMPATH\CodeIgniter.php(933): App\Controllers\Home->index()
 9 SYSTEMPATH\CodeIgniter.php(507): CodeIgniter\CodeIgniter->runController(Object(App\Controllers\Home))
10 SYSTEMPATH\CodeIgniter.php(354): CodeIgniter\CodeIgniter->handleRequest(null, Object(Config\Cache), false)
11 SYSTEMPATH\Boot.php(334): CodeIgniter\CodeIgniter->run()
12 SYSTEMPATH\Boot.php(67): CodeIgniter\Boot::runCodeIgniter(Object(CodeIgniter\CodeIgniter))
13 FCPATH\index.php(56): CodeIgniter\Boot::bootWeb(Object(Config\Paths))
CRITICAL - 2025-04-13 22:03:34 --> CodeIgniter\View\Exceptions\ViewException: Invalid file: "layouts/header/header.php"
[Method: GET, Route: /]
in SYSTEMPATH\Exceptions\FrameworkException.php on line 39.
 1 SYSTEMPATH\View\View.php(212): CodeIgniter\Exceptions\FrameworkException::forInvalidFile('layouts/header/header.php')
 2 SYSTEMPATH\Common.php(1173): CodeIgniter\View\View->render('layouts/header/header', [], true)
 3 APPPATH\Views\principal.html(8): view('layouts/header/header')
 4 SYSTEMPATH\View\View.php(224): include('C:\\xampp\\htdocs\\PROYECTO-FRANCO-VARELA\\app\\Views\\principal.html')
 5 SYSTEMPATH\View\View.php(227): CodeIgniter\View\View->CodeIgniter\View\{closure}()
 6 SYSTEMPATH\Common.php(1173): CodeIgniter\View\View->render('principal.html', [], true)
 7 APPPATH\Controllers\Home.php(9): view('principal.html')
 8 SYSTEMPATH\CodeIgniter.php(933): App\Controllers\Home->index()
 9 SYSTEMPATH\CodeIgniter.php(507): CodeIgniter\CodeIgniter->runController(Object(App\Controllers\Home))
10 SYSTEMPATH\CodeIgniter.php(354): CodeIgniter\CodeIgniter->handleRequest(null, Object(Config\Cache), false)
11 SYSTEMPATH\Boot.php(334): CodeIgniter\CodeIgniter->run()
12 SYSTEMPATH\Boot.php(67): CodeIgniter\Boot::runCodeIgniter(Object(CodeIgniter\CodeIgniter))
13 FCPATH\index.php(56): CodeIgniter\Boot::bootWeb(Object(Config\Paths))
CRITICAL - 2025-04-13 22:03:35 --> CodeIgniter\View\Exceptions\ViewException: Invalid file: "layouts/header/header.php"
[Method: GET, Route: /]
in SYSTEMPATH\Exceptions\FrameworkException.php on line 39.
 1 SYSTEMPATH\View\View.php(212): CodeIgniter\Exceptions\FrameworkException::forInvalidFile('layouts/header/header.php')
 2 SYSTEMPATH\Common.php(1173): CodeIgniter\View\View->render('layouts/header/header', [], true)
 3 APPPATH\Views\principal.html(8): view('layouts/header/header')
 4 SYSTEMPATH\View\View.php(224): include('C:\\xampp\\htdocs\\PROYECTO-FRANCO-VARELA\\app\\Views\\principal.html')
 5 SYSTEMPATH\View\View.php(227): CodeIgniter\View\View->CodeIgniter\View\{closure}()
 6 SYSTEMPATH\Common.php(1173): CodeIgniter\View\View->render('principal.html', [], true)
 7 APPPATH\Controllers\Home.php(9): view('principal.html')
 8 SYSTEMPATH\CodeIgniter.php(933): App\Controllers\Home->index()
 9 SYSTEMPATH\CodeIgniter.php(507): CodeIgniter\CodeIgniter->runController(Object(App\Controllers\Home))
10 SYSTEMPATH\CodeIgniter.php(354): CodeIgniter\CodeIgniter->handleRequest(null, Object(Config\Cache), false)
11 SYSTEMPATH\Boot.php(334): CodeIgniter\CodeIgniter->run()
12 SYSTEMPATH\Boot.php(67): CodeIgniter\Boot::runCodeIgniter(Object(CodeIgniter\CodeIgniter))
13 FCPATH\index.php(56): CodeIgniter\Boot::bootWeb(Object(Config\Paths))
CRITICAL - 2025-04-13 22:04:03 --> CodeIgniter\View\Exceptions\ViewException: Invalid file: "layouts/header/header.php"
[Method: GET, Route: /]
in SYSTEMPATH\Exceptions\FrameworkException.php on line 39.
 1 SYSTEMPATH\View\View.php(212): CodeIgniter\Exceptions\FrameworkException::forInvalidFile('layouts/header/header.php')
 2 SYSTEMPATH\Common.php(1173): CodeIgniter\View\View->render('layouts/header/header', [], true)
 3 APPPATH\Views\principal.html(8): view('layouts/header/header')
 4 SYSTEMPATH\View\View.php(224): include('C:\\xampp\\htdocs\\PROYECTO-FRANCO-VARELA\\app\\Views\\principal.html')
 5 SYSTEMPATH\View\View.php(227): CodeIgniter\View\View->CodeIgniter\View\{closure}()
 6 SYSTEMPATH\Common.php(1173): CodeIgniter\View\View->render('principal.html', [], true)
 7 APPPATH\Controllers\Home.php(9): view('principal.html')
 8 SYSTEMPATH\CodeIgniter.php(933): App\Controllers\Home->index()
 9 SYSTEMPATH\CodeIgniter.php(507): CodeIgniter\CodeIgniter->runController(Object(App\Controllers\Home))
10 SYSTEMPATH\CodeIgniter.php(354): CodeIgniter\CodeIgniter->handleRequest(null, Object(Config\Cache), false)
11 SYSTEMPATH\Boot.php(334): CodeIgniter\CodeIgniter->run()
12 SYSTEMPATH\Boot.php(67): CodeIgniter\Boot::runCodeIgniter(Object(CodeIgniter\CodeIgniter))
13 FCPATH\index.php(56): CodeIgniter\Boot::bootWeb(Object(Config\Paths))
CRITICAL - 2025-04-13 22:04:04 --> CodeIgniter\View\Exceptions\ViewException: Invalid file: "layouts/header/header.php"
[Method: GET, Route: /]
in SYSTEMPATH\Exceptions\FrameworkException.php on line 39.
 1 SYSTEMPATH\View\View.php(212): CodeIgniter\Exceptions\FrameworkException::forInvalidFile('layouts/header/header.php')
 2 SYSTEMPATH\Common.php(1173): CodeIgniter\View\View->render('layouts/header/header', [], true)
 3 APPPATH\Views\principal.html(8): view('layouts/header/header')
 4 SYSTEMPATH\View\View.php(224): include('C:\\xampp\\htdocs\\PROYECTO-FRANCO-VARELA\\app\\Views\\principal.html')
 5 SYSTEMPATH\View\View.php(227): CodeIgniter\View\View->CodeIgniter\View\{closure}()
 6 SYSTEMPATH\Common.php(1173): CodeIgniter\View\View->render('principal.html', [], true)
 7 APPPATH\Controllers\Home.php(9): view('principal.html')
 8 SYSTEMPATH\CodeIgniter.php(933): App\Controllers\Home->index()
 9 SYSTEMPATH\CodeIgniter.php(507): CodeIgniter\CodeIgniter->runController(Object(App\Controllers\Home))
10 SYSTEMPATH\CodeIgniter.php(354): CodeIgniter\CodeIgniter->handleRequest(null, Object(Config\Cache), false)
11 SYSTEMPATH\Boot.php(334): CodeIgniter\CodeIgniter->run()
12 SYSTEMPATH\Boot.php(67): CodeIgniter\Boot::runCodeIgniter(Object(CodeIgniter\CodeIgniter))
13 FCPATH\index.php(56): CodeIgniter\Boot::bootWeb(Object(Config\Paths))
CRITICAL - 2025-04-13 22:04:04 --> CodeIgniter\View\Exceptions\ViewException: Invalid file: "layouts/header/header.php"
[Method: GET, Route: /]
in SYSTEMPATH\Exceptions\FrameworkException.php on line 39.
 1 SYSTEMPATH\View\View.php(212): CodeIgniter\Exceptions\FrameworkException::forInvalidFile('layouts/header/header.php')
 2 SYSTEMPATH\Common.php(1173): CodeIgniter\View\View->render('layouts/header/header', [], true)
 3 APPPATH\Views\principal.html(8): view('layouts/header/header')
 4 SYSTEMPATH\View\View.php(224): include('C:\\xampp\\htdocs\\PROYECTO-FRANCO-VARELA\\app\\Views\\principal.html')
 5 SYSTEMPATH\View\View.php(227): CodeIgniter\View\View->CodeIgniter\View\{closure}()
 6 SYSTEMPATH\Common.php(1173): CodeIgniter\View\View->render('principal.html', [], true)
 7 APPPATH\Controllers\Home.php(9): view('principal.html')
 8 SYSTEMPATH\CodeIgniter.php(933): App\Controllers\Home->index()
 9 SYSTEMPATH\CodeIgniter.php(507): CodeIgniter\CodeIgniter->runController(Object(App\Controllers\Home))
10 SYSTEMPATH\CodeIgniter.php(354): CodeIgniter\CodeIgniter->handleRequest(null, Object(Config\Cache), false)
11 SYSTEMPATH\Boot.php(334): CodeIgniter\CodeIgniter->run()
12 SYSTEMPATH\Boot.php(67): CodeIgniter\Boot::runCodeIgniter(Object(CodeIgniter\CodeIgniter))
13 FCPATH\index.php(56): CodeIgniter\Boot::bootWeb(Object(Config\Paths))
CRITICAL - 2025-04-13 22:04:04 --> CodeIgniter\View\Exceptions\ViewException: Invalid file: "layouts/header/header.php"
[Method: GET, Route: /]
in SYSTEMPATH\Exceptions\FrameworkException.php on line 39.
 1 SYSTEMPATH\View\View.php(212): CodeIgniter\Exceptions\FrameworkException::forInvalidFile('layouts/header/header.php')
 2 SYSTEMPATH\Common.php(1173): CodeIgniter\View\View->render('layouts/header/header', [], true)
 3 APPPATH\Views\principal.html(8): view('layouts/header/header')
 4 SYSTEMPATH\View\View.php(224): include('C:\\xampp\\htdocs\\PROYECTO-FRANCO-VARELA\\app\\Views\\principal.html')
 5 SYSTEMPATH\View\View.php(227): CodeIgniter\View\View->CodeIgniter\View\{closure}()
 6 SYSTEMPATH\Common.php(1173): CodeIgniter\View\View->render('principal.html', [], true)
 7 APPPATH\Controllers\Home.php(9): view('principal.html')
 8 SYSTEMPATH\CodeIgniter.php(933): App\Controllers\Home->index()
 9 SYSTEMPATH\CodeIgniter.php(507): CodeIgniter\CodeIgniter->runController(Object(App\Controllers\Home))
10 SYSTEMPATH\CodeIgniter.php(354): CodeIgniter\CodeIgniter->handleRequest(null, Object(Config\Cache), false)
11 SYSTEMPATH\Boot.php(334): CodeIgniter\CodeIgniter->run()
12 SYSTEMPATH\Boot.php(67): CodeIgniter\Boot::runCodeIgniter(Object(CodeIgniter\CodeIgniter))
13 FCPATH\index.php(56): CodeIgniter\Boot::bootWeb(Object(Config\Paths))
CRITICAL - 2025-04-13 22:04:04 --> CodeIgniter\View\Exceptions\ViewException: Invalid file: "layouts/header/header.php"
[Method: GET, Route: /]
in SYSTEMPATH\Exceptions\FrameworkException.php on line 39.
 1 SYSTEMPATH\View\View.php(212): CodeIgniter\Exceptions\FrameworkException::forInvalidFile('layouts/header/header.php')
 2 SYSTEMPATH\Common.php(1173): CodeIgniter\View\View->render('layouts/header/header', [], true)
 3 APPPATH\Views\principal.html(8): view('layouts/header/header')
 4 SYSTEMPATH\View\View.php(224): include('C:\\xampp\\htdocs\\PROYECTO-FRANCO-VARELA\\app\\Views\\principal.html')
 5 SYSTEMPATH\View\View.php(227): CodeIgniter\View\View->CodeIgniter\View\{closure}()
 6 SYSTEMPATH\Common.php(1173): CodeIgniter\View\View->render('principal.html', [], true)
 7 APPPATH\Controllers\Home.php(9): view('principal.html')
 8 SYSTEMPATH\CodeIgniter.php(933): App\Controllers\Home->index()
 9 SYSTEMPATH\CodeIgniter.php(507): CodeIgniter\CodeIgniter->runController(Object(App\Controllers\Home))
10 SYSTEMPATH\CodeIgniter.php(354): CodeIgniter\CodeIgniter->handleRequest(null, Object(Config\Cache), false)
11 SYSTEMPATH\Boot.php(334): CodeIgniter\CodeIgniter->run()
12 SYSTEMPATH\Boot.php(67): CodeIgniter\Boot::runCodeIgniter(Object(CodeIgniter\CodeIgniter))
13 FCPATH\index.php(56): CodeIgniter\Boot::bootWeb(Object(Config\Paths))
CRITICAL - 2025-04-13 22:14:59 --> ErrorException: include(navBar.css): Failed to open stream: No such file or directory
[Method: GET, Route: /]
in APPPATH\Views\principal.php on line 6.
 1 APPPATH\Views\principal.php(6): CodeIgniter\Debug\Exceptions->errorHandler(2, 'include(navBar.css): Failed to open stream: No such file or directory', 'C:\\xampp\\htdocs\\PROYECTO-FRANCO-VARELA\\app\\Views\\principal.php', 6)
 2 APPPATH\Views\principal.php(6): include()
 3 SYSTEMPATH\View\View.php(224): include('C:\\xampp\\htdocs\\PROYECTO-FRANCO-VARELA\\app\\Views\\principal.php')
 4 SYSTEMPATH\View\View.php(227): CodeIgniter\View\View->CodeIgniter\View\{closure}()
 5 SYSTEMPATH\Common.php(1173): CodeIgniter\View\View->render('principal.php', [], true)
 6 APPPATH\Controllers\Home.php(9): view('principal.php')
 7 SYSTEMPATH\CodeIgniter.php(933): App\Controllers\Home->index()
 8 SYSTEMPATH\CodeIgniter.php(507): CodeIgniter\CodeIgniter->runController(Object(App\Controllers\Home))
 9 SYSTEMPATH\CodeIgniter.php(354): CodeIgniter\CodeIgniter->handleRequest(null, Object(Config\Cache), false)
10 SYSTEMPATH\Boot.php(334): CodeIgniter\CodeIgniter->run()
11 SYSTEMPATH\Boot.php(67): CodeIgniter\Boot::runCodeIgniter(Object(CodeIgniter\CodeIgniter))
12 FCPATH\index.php(56): CodeIgniter\Boot::bootWeb(Object(Config\Paths))
CRITICAL - 2025-04-13 22:15:37 --> ErrorException: include(../layouts/footernavBar.css): Failed to open stream: No such file or directory
[Method: GET, Route: /]
in APPPATH\Views\principal.php on line 6.
 1 APPPATH\Views\principal.php(6): CodeIgniter\Debug\Exceptions->errorHandler(2, 'include(../layouts/footernavBar.css): Failed to open stream: No such file or directory', 'C:\\xampp\\htdocs\\PROYECTO-FRANCO-VARELA\\app\\Views\\principal.php', 6)
 2 APPPATH\Views\principal.php(6): include()
 3 SYSTEMPATH\View\View.php(224): include('C:\\xampp\\htdocs\\PROYECTO-FRANCO-VARELA\\app\\Views\\principal.php')
 4 SYSTEMPATH\View\View.php(227): CodeIgniter\View\View->CodeIgniter\View\{closure}()
 5 SYSTEMPATH\Common.php(1173): CodeIgniter\View\View->render('principal.php', [], true)
 6 APPPATH\Controllers\Home.php(9): view('principal.php')
 7 SYSTEMPATH\CodeIgniter.php(933): App\Controllers\Home->index()
 8 SYSTEMPATH\CodeIgniter.php(507): CodeIgniter\CodeIgniter->runController(Object(App\Controllers\Home))
 9 SYSTEMPATH\CodeIgniter.php(354): CodeIgniter\CodeIgniter->handleRequest(null, Object(Config\Cache), false)
10 SYSTEMPATH\Boot.php(334): CodeIgniter\CodeIgniter->run()
11 SYSTEMPATH\Boot.php(67): CodeIgniter\Boot::runCodeIgniter(Object(CodeIgniter\CodeIgniter))
12 FCPATH\index.php(56): CodeIgniter\Boot::bootWeb(Object(Config\Paths))
CRITICAL - 2025-04-13 22:15:38 --> ErrorException: include(../layouts/footernavBar.css): Failed to open stream: No such file or directory
[Method: GET, Route: /]
in APPPATH\Views\principal.php on line 6.
 1 APPPATH\Views\principal.php(6): CodeIgniter\Debug\Exceptions->errorHandler(2, 'include(../layouts/footernavBar.css): Failed to open stream: No such file or directory', 'C:\\xampp\\htdocs\\PROYECTO-FRANCO-VARELA\\app\\Views\\principal.php', 6)
 2 APPPATH\Views\principal.php(6): include()
 3 SYSTEMPATH\View\View.php(224): include('C:\\xampp\\htdocs\\PROYECTO-FRANCO-VARELA\\app\\Views\\principal.php')
 4 SYSTEMPATH\View\View.php(227): CodeIgniter\View\View->CodeIgniter\View\{closure}()
 5 SYSTEMPATH\Common.php(1173): CodeIgniter\View\View->render('principal.php', [], true)
 6 APPPATH\Controllers\Home.php(9): view('principal.php')
 7 SYSTEMPATH\CodeIgniter.php(933): App\Controllers\Home->index()
 8 SYSTEMPATH\CodeIgniter.php(507): CodeIgniter\CodeIgniter->runController(Object(App\Controllers\Home))
 9 SYSTEMPATH\CodeIgniter.php(354): CodeIgniter\CodeIgniter->handleRequest(null, Object(Config\Cache), false)
10 SYSTEMPATH\Boot.php(334): CodeIgniter\CodeIgniter->run()
11 SYSTEMPATH\Boot.php(67): CodeIgniter\Boot::runCodeIgniter(Object(CodeIgniter\CodeIgniter))
12 FCPATH\index.php(56): CodeIgniter\Boot::bootWeb(Object(Config\Paths))
CRITICAL - 2025-04-13 22:16:11 --> ErrorException: include(../views/layouts/footernavBar.css): Failed to open stream: No such file or directory
[Method: GET, Route: /]
in APPPATH\Views\principal.php on line 6.
 1 APPPATH\Views\principal.php(6): CodeIgniter\Debug\Exceptions->errorHandler(2, 'include(../views/layouts/footernavBar.css): Failed to open stream: No such file or directory', 'C:\\xampp\\htdocs\\PROYECTO-FRANCO-VARELA\\app\\Views\\principal.php', 6)
 2 APPPATH\Views\principal.php(6): include()
 3 SYSTEMPATH\View\View.php(224): include('C:\\xampp\\htdocs\\PROYECTO-FRANCO-VARELA\\app\\Views\\principal.php')
 4 SYSTEMPATH\View\View.php(227): CodeIgniter\View\View->CodeIgniter\View\{closure}()
 5 SYSTEMPATH\Common.php(1173): CodeIgniter\View\View->render('principal.php', [], true)
 6 APPPATH\Controllers\Home.php(9): view('principal.php')
 7 SYSTEMPATH\CodeIgniter.php(933): App\Controllers\Home->index()
 8 SYSTEMPATH\CodeIgniter.php(507): CodeIgniter\CodeIgniter->runController(Object(App\Controllers\Home))
 9 SYSTEMPATH\CodeIgniter.php(354): CodeIgniter\CodeIgniter->handleRequest(null, Object(Config\Cache), false)
10 SYSTEMPATH\Boot.php(334): CodeIgniter\CodeIgniter->run()
11 SYSTEMPATH\Boot.php(67): CodeIgniter\Boot::runCodeIgniter(Object(CodeIgniter\CodeIgniter))
12 FCPATH\index.php(56): CodeIgniter\Boot::bootWeb(Object(Config\Paths))
CRITICAL - 2025-04-13 22:16:12 --> ErrorException: include(../views/layouts/footernavBar.css): Failed to open stream: No such file or directory
[Method: GET, Route: /]
in APPPATH\Views\principal.php on line 6.
 1 APPPATH\Views\principal.php(6): CodeIgniter\Debug\Exceptions->errorHandler(2, 'include(../views/layouts/footernavBar.css): Failed to open stream: No such file or directory', 'C:\\xampp\\htdocs\\PROYECTO-FRANCO-VARELA\\app\\Views\\principal.php', 6)
 2 APPPATH\Views\principal.php(6): include()
 3 SYSTEMPATH\View\View.php(224): include('C:\\xampp\\htdocs\\PROYECTO-FRANCO-VARELA\\app\\Views\\principal.php')
 4 SYSTEMPATH\View\View.php(227): CodeIgniter\View\View->CodeIgniter\View\{closure}()
 5 SYSTEMPATH\Common.php(1173): CodeIgniter\View\View->render('principal.php', [], true)
 6 APPPATH\Controllers\Home.php(9): view('principal.php')
 7 SYSTEMPATH\CodeIgniter.php(933): App\Controllers\Home->index()
 8 SYSTEMPATH\CodeIgniter.php(507): CodeIgniter\CodeIgniter->runController(Object(App\Controllers\Home))
 9 SYSTEMPATH\CodeIgniter.php(354): CodeIgniter\CodeIgniter->handleRequest(null, Object(Config\Cache), false)
10 SYSTEMPATH\Boot.php(334): CodeIgniter\CodeIgniter->run()
11 SYSTEMPATH\Boot.php(67): CodeIgniter\Boot::runCodeIgniter(Object(CodeIgniter\CodeIgniter))
12 FCPATH\index.php(56): CodeIgniter\Boot::bootWeb(Object(Config\Paths))
CRITICAL - 2025-04-13 22:17:15 --> ErrorException: include(../views/layouts/navBar/navBar.css): Failed to open stream: No such file or directory
[Method: GET, Route: /]
in APPPATH\Views\principal.php on line 6.
 1 APPPATH\Views\principal.php(6): CodeIgniter\Debug\Exceptions->errorHandler(2, 'include(../views/layouts/navBar/navBar.css): Failed to open stream: No such file or directory', 'C:\\xampp\\htdocs\\PROYECTO-FRANCO-VARELA\\app\\Views\\principal.php', 6)
 2 APPPATH\Views\principal.php(6): include()
 3 SYSTEMPATH\View\View.php(224): include('C:\\xampp\\htdocs\\PROYECTO-FRANCO-VARELA\\app\\Views\\principal.php')
 4 SYSTEMPATH\View\View.php(227): CodeIgniter\View\View->CodeIgniter\View\{closure}()
 5 SYSTEMPATH\Common.php(1173): CodeIgniter\View\View->render('principal.php', [], true)
 6 APPPATH\Controllers\Home.php(9): view('principal.php')
 7 SYSTEMPATH\CodeIgniter.php(933): App\Controllers\Home->index()
 8 SYSTEMPATH\CodeIgniter.php(507): CodeIgniter\CodeIgniter->runController(Object(App\Controllers\Home))
 9 SYSTEMPATH\CodeIgniter.php(354): CodeIgniter\CodeIgniter->handleRequest(null, Object(Config\Cache), false)
10 SYSTEMPATH\Boot.php(334): CodeIgniter\CodeIgniter->run()
11 SYSTEMPATH\Boot.php(67): CodeIgniter\Boot::runCodeIgniter(Object(CodeIgniter\CodeIgniter))
12 FCPATH\index.php(56): CodeIgniter\Boot::bootWeb(Object(Config\Paths))
